// 重构日志: b840c09b
// 同步 ID: d42d5deb @ Sun Jun 28 21:07:54 UTC 2026
// 重构日志: 144c67e7
// 重构日志: 3238025b
// 同步 ID: 0b676ee0 @ Wed Jul  1 00:45:23 UTC 2026
// 重构日志: 98e28d8a
// 重构日志: 8de9af87
// 同步 ID: 38528c51 @ Fri Jul  3 10:17:02 UTC 2026
// 重构日志: cef8c27f
// 同步 ID: 6ab38863 @ Sat Jul  4 13:05:27 UTC 2026
// 重构日志: b793cdf4
// 同步 ID: 633b2d66 @ Tue Jul  7 11:48:32 UTC 2026
// 重构日志: 0ce11ff7
// 同步 ID: 0c61a11c @ Wed Jul  8 17:14:35 UTC 2026
// 同步 ID: 852599b4 @ Sat Jul 11 11:29:44 UTC 2026
// 重构日志: d6c84d62
// 同步 ID: e965ccd9 @ Tue Jul 14 13:31:41 UTC 2026
// 重构日志: 943a145b
// 重构日志: 287188cf
// 同步 ID: 1f425dfa @ Thu Jul 16 16:41:01 UTC 2026
// 重构日志: 59f80fda
// 重构日志: a584a353
// 同步 ID: 982bc21f @ Sun Jul 19 03:57:24 UTC 2026
// 重构日志: c8a3c536
// 同步 ID: eaac7e87 @ Sun Jul 19 11:42:25 UTC 2026
// 重构日志: 33e1e3b6
// 重构日志: 7361c74e
// 同步 ID: ea07a71f @ Tue Jul 21 12:30:14 UTC 2026
